#
# A fatal error has been detected by the Java Runtime Environment:
#
#  EXCEPTION_ACCESS_VIOLATION (0xc0000005) at pc=0x0000000054da242b, pid=6304, tid=0x0000000000002038
#
# JRE version: Java(TM) SE Runtime Environment (8.0_231-b11) (build 1.8.0_231-b11)
# Java VM: Java HotSpot(TM) 64-Bit Server VM (25.231-b11 mixed mode windows-amd64 compressed oops)
# Problematic frame:
# V  [jvm.dll+0x4a242b]
#
# Failed to write core dump. Minidumps are not enabled by default on client versions of Windows
#
# If you would like to submit a bug report, please visit:
#   http://bugreport.java.com/bugreport/crash.jsp
#

---------------  T H R E A D  ---------------

Current thread (0x00000000164ea800):  JavaThread "C2 CompilerThread2" daemon [_thread_in_native, id=8248, stack(0x0000000018d90000,0x0000000018e90000)]

siginfo: ExceptionCode=0xc0000005, reading address 0xffffffffffffffff

Registers:
RAX=0x0000000025987310, RBX=0x0000000026198f30, RCX=0x0000000000000001, RDX=0x0000000000000001
RSP=0x0000000018e8bc90, RBP=0x0000000000001e22, RSI=0x00000000000000f1, RDI=0x0000000018e8bec0
R8 =0x0000000000000004, R9 =0x3f000000204b82c0, R10=0x0000000000001325, R11=0x0000000028a67770
R12=0x000000000012d540, R13=0x0000000025e610f0, R14=0x0000000054900000, R15=0x00000000000003d8
RIP=0x0000000054da242b, EFLAGS=0x0000000000010202

Top of Stack: (sp=0x0000000018e8bc90)
0x0000000018e8bc90:   0000000028ad5590 0000000026198f30
0x0000000018e8bca0:   0000000000001e22 00000000000000f1
0x0000000018e8bcb0:   0000132600000003 0000000000000002
0x0000000018e8bcc0:   000000001fc60860 0000000000000014
0x0000000018e8bcd0:   000000001fb05d00 0000000000000039
0x0000000018e8bce0:   0000000028ad5590 0000000024193a38
0x0000000018e8bcf0:   0000000025e614c8 0000000025e610f0
0x0000000018e8bd00:   0000000000000000 0000000054d6ac11
0x0000000018e8bd10:   0000000018e8c1b0 0000000000000000
0x0000000018e8bd20:   0000000054900000 0000000000001e22
0x0000000018e8bd30:   00001e2700000000 0000000000000008
0x0000000018e8bd40:   00000000254d2ae0 0000000000000039
0x0000000018e8bd50:   000000001fb06090 0000000000000039
0x0000000018e8bd60:   0000000028ad56d0 0000000000000000
0x0000000018e8bd70:   0000000000000000 0000000054dc1114
0x0000000018e8bd80:   0000000000000000 0000000000000000 

Instructions: (pc=0x0000000054da242b)
0x0000000054da240b:   49 c1 e3 05 41 b8 01 00 00 00 4c 03 5f 10 49 8b
0x0000000054da241b:   43 08 4c 8b 0c c8 8b cd 83 e1 1f 41 d3 e0 8b ca
0x0000000054da242b:   41 8b 14 91 41 8b c0 f7 d0 23 c2 41 89 04 89 41
0x0000000054da243b:   85 d0 74 03 41 ff 0b 48 8b 4f 20 0f b6 53 64 4d 


Register to memory mapping:

RAX=0x0000000025987310 is an unknown value
RBX=0x0000000026198f30 is an unknown value
RCX=0x0000000000000001 is an unknown value
RDX=0x0000000000000001 is an unknown value
RSP=0x0000000018e8bc90 is pointing into the stack for thread: 0x00000000164ea800
RBP=0x0000000000001e22 is an unknown value
RSI=0x00000000000000f1 is an unknown value
RDI=0x0000000018e8bec0 is pointing into the stack for thread: 0x00000000164ea800
R8 =0x0000000000000004 is an unknown value
R9 =0x3f000000204b82c0 is an unknown value
R10=0x0000000000001325 is an unknown value
R11=0x0000000028a67770 is an unknown value
R12=0x000000000012d540 is an unknown value
R13=0x0000000025e610f0 is an unknown value
R14=0x0000000054900000 is an unknown value
R15=0x00000000000003d8 is an unknown value


Stack: [0x0000000018d90000,0x0000000018e90000],  sp=0x0000000018e8bc90,  free space=1007k
Native frames: (J=compiled Java code, j=interpreted, Vv=VM code, C=native code)
V  [jvm.dll+0x4a242b]
V  [jvm.dll+0x46ac11]
V  [jvm.dll+0x46d91b]
V  [jvm.dll+0x478c4b]
V  [jvm.dll+0x47b557]
V  [jvm.dll+0x45dd52]
V  [jvm.dll+0xa6ae2]
V  [jvm.dll+0xa742f]
V  [jvm.dll+0x24677f]
V  [jvm.dll+0x29fd8a]
C  [msvcr100.dll+0x21d9f]
C  [msvcr100.dll+0x21e3b]
C  [KERNEL32.DLL+0x8364]
C  [ntdll.dll+0x65e91]


Current CompileTask:
C2: 166471 14387       4       org.objectweb.asm.ClassReader::accept (1250 bytes)


---------------  P R O C E S S  ---------------

Java Threads: ( => current thread )
  0x0000000026ae0800 JavaThread "Cache worker for execution history cache (E:\Android Projects\BskkeryAppKotlin\.gradle\6.1.1\executionHistory)" [_thread_blocked, id=7220, stack(0x0000000027780000,0x0000000027880000)]
  0x000000001b8fd800 JavaThread "Build operations Thread 8" [_thread_blocked, id=1696, stack(0x0000000022c00000,0x0000000022d00000)]
  0x000000001b902000 JavaThread "Build operations Thread 7" [_thread_blocked, id=8492, stack(0x0000000022b00000,0x0000000022c00000)]
  0x000000001b8f5800 JavaThread "Build operations Thread 6" [_thread_blocked, id=4816, stack(0x0000000022a00000,0x0000000022b00000)]
  0x000000001b8f7800 JavaThread "Build operations Thread 5" [_thread_blocked, id=612, stack(0x0000000022900000,0x0000000022a00000)]
  0x000000001b8fc000 JavaThread "Build operations Thread 4" [_thread_blocked, id=5352, stack(0x0000000022800000,0x0000000022900000)]
  0x000000001b8f7000 JavaThread "Build operations Thread 3" [_thread_blocked, id=7084, stack(0x0000000022700000,0x0000000022800000)]
  0x000000001b8f4800 JavaThread "Build operations Thread 2" [_thread_blocked, id=5640, stack(0x0000000022600000,0x0000000022700000)]
  0x000000001b8fb800 JavaThread "Build operations" [_thread_blocked, id=5820, stack(0x0000000022500000,0x0000000022600000)]
  0x000000001b8f8800 JavaThread "Cache worker for Build Output Cleanup Cache (E:\Android Projects\BskkeryAppKotlin\.gradle\buildOutputCleanup)" [_thread_blocked, id=8656, stack(0x0000000020340000,0x0000000020440000)]
  0x00000000182dc000 JavaThread "Cache worker for execution history cache (C:\Users\Admin\.gradle\caches\6.1.1\executionHistory)" [_thread_blocked, id=5856, stack(0x000000001ea70000,0x000000001eb70000)]
  0x00000000182db800 JavaThread "Cache worker for cache directory md-rule (C:\Users\Admin\.gradle\caches\6.1.1\md-rule)" [_thread_blocked, id=7880, stack(0x000000001e970000,0x000000001ea70000)]
  0x00000000182da800 JavaThread "Cache worker for cache directory md-supplier (C:\Users\Admin\.gradle\caches\6.1.1\md-supplier)" [_thread_blocked, id=7228, stack(0x000000001e870000,0x000000001e970000)]
  0x00000000182da000 JavaThread "Cache worker for file hash cache (E:\Android Projects\BskkeryAppKotlin\.gradle\6.1.1\fileHashes)" [_thread_blocked, id=7004, stack(0x000000001e370000,0x000000001e470000)]
  0x00000000182d9000 JavaThread "Cache worker for checksums cache (E:\Android Projects\BskkeryAppKotlin\.gradle\checksums)" [_thread_blocked, id=7468, stack(0x000000001e270000,0x000000001e370000)]
  0x00000000182e0000 JavaThread "Cache worker for file hash cache (C:\Users\Admin\.gradle\caches\6.1.1\fileHashes)" [_thread_blocked, id=1264, stack(0x000000001cfa0000,0x000000001d0a0000)]
  0x00000000182de800 JavaThread "File lock request listener" [_thread_in_native, id=8780, stack(0x000000001cea0000,0x000000001cfa0000)]
  0x00000000182dd800 JavaThread "Cache worker for journal cache (C:\Users\Admin\.gradle\caches\journal-1)" [_thread_blocked, id=3440, stack(0x000000001cda0000,0x000000001cea0000)]
  0x00000000197a8000 JavaThread "Thread-9" [_thread_blocked, id=1016, stack(0x000000001caa0000,0x000000001cba0000)]
  0x0000000019bfc000 JavaThread "Asynchronous log dispatcher for DefaultDaemonConnection: socket connection from /127.0.0.1:50705 to /127.0.0.1:50706" [_thread_blocked, id=4572, stack(0x000000001c8a0000,0x000000001c9a0000)]
  0x0000000019bfa800 JavaThread "Daemon worker" [_thread_in_native, id=7460, stack(0x000000001c7a0000,0x000000001c8a0000)]
  0x0000000019bf9800 JavaThread "Cancel handler" [_thread_blocked, id=8796, stack(0x000000001c6a0000,0x000000001c7a0000)]
  0x0000000019acf800 JavaThread "Handler for socket connection from /127.0.0.1:50705 to /127.0.0.1:50706" [_thread_in_native, id=7088, stack(0x000000001c3a0000,0x000000001c4a0000)]
  0x0000000019acf000 JavaThread "Daemon" [_thread_blocked, id=3376, stack(0x000000001c2a0000,0x000000001c3a0000)]
  0x000000001a3c9800 JavaThread "Daemon periodic checks" [_thread_blocked, id=8320, stack(0x000000001c1a0000,0x000000001c2a0000)]
  0x000000001a0d7000 JavaThread "Incoming local TCP Connector on port 50705" [_thread_in_native, id=8488, stack(0x000000001bf70000,0x000000001c070000)]
  0x000000001accb800 JavaThread "Daemon health stats" [_thread_blocked, id=680, stack(0x000000001b930000,0x000000001ba30000)]
  0x00000000182f8800 JavaThread "Service Thread" daemon [_thread_blocked, id=8160, stack(0x0000000018f90000,0x0000000019090000)]
  0x00000000182dd000 JavaThread "C1 CompilerThread3" daemon [_thread_blocked, id=3864, stack(0x0000000018e90000,0x0000000018f90000)]
=>0x00000000164ea800 JavaThread "C2 CompilerThread2" daemon [_thread_in_native, id=8248, stack(0x0000000018d90000,0x0000000018e90000)]
  0x00000000182d0800 JavaThread "C2 CompilerThread1" daemon [_thread_in_vm, id=1644, stack(0x0000000018c90000,0x0000000018d90000)]
  0x00000000182cc800 JavaThread "C2 CompilerThread0" daemon [_thread_in_native, id=860, stack(0x0000000018b90000,0x0000000018c90000)]
  0x00000000182ca800 JavaThread "Attach Listener" daemon [_thread_blocked, id=7620, stack(0x0000000018a90000,0x0000000018b90000)]
  0x00000000182d6000 JavaThread "Signal Dispatcher" daemon [_thread_blocked, id=3208, stack(0x0000000018990000,0x0000000018a90000)]
  0x000000000271d800 JavaThread "Finalizer" daemon [_thread_blocked, id=5708, stack(0x00000000187a0000,0x00000000188a0000)]
  0x00000000182c0800 JavaThread "Reference Handler" daemon [_thread_blocked, id=9072, stack(0x00000000186a0000,0x00000000187a0000)]
  0x000000000261d800 JavaThread "main" [_thread_blocked, id=572, stack(0x0000000002470000,0x0000000002570000)]

Other Threads:
  0x00000000164d9800 VMThread [stack: 0x00000000181a0000,0x00000000182a0000] [id=8800]
  0x00000000182f9800 WatcherThread [stack: 0x0000000019090000,0x0000000019190000] [id=8064]

VM state:not at safepoint (normal execution)

VM Mutex/Monitor currently owned by a thread: None

heap address: 0x00000000a0000000, size: 1536 MB, Compressed Oops mode: 32-bit
Narrow klass base: 0x0000000000000000, Narrow klass shift: 3
Compressed class space size: 1073741824 Address: 0x0000000100000000

Heap:
 PSYoungGen      total 280576K, used 252000K [0x00000000e0000000, 0x00000000f3580000, 0x0000000100000000)
  eden space 254464K, 89% used [0x00000000e0000000,0x00000000ede89eb8,0x00000000ef880000)
  from space 26112K, 92% used [0x00000000f1c00000,0x00000000f338e2f0,0x00000000f3580000)
  to   space 31232K, 0% used [0x00000000ef880000,0x00000000ef880000,0x00000000f1700000)
 ParOldGen       total 178688K, used 75738K [0x00000000a0000000, 0x00000000aae80000, 0x00000000e0000000)
  object space 178688K, 42% used [0x00000000a0000000,0x00000000a49f6a38,0x00000000aae80000)
 Metaspace       used 87966K, capacity 92064K, committed 92288K, reserved 1128448K
  class space    used 11773K, capacity 12547K, committed 12672K, reserved 1048576K

Card table byte_map: [0x0000000011ae0000,0x0000000011df0000] byte_map_base: 0x00000000115e0000

Marking Bits: (ParMarkBitMap*) 0x0000000055126d90
 Begin Bits: [0x00000000127f0000, 0x0000000013ff0000)
 End Bits:   [0x0000000013ff0000, 0x00000000157f0000)

Polling page: 0x0000000000cc0000

CodeCache: size=245760Kb used=41995Kb max_used=42601Kb free=203764Kb
 bounds [0x0000000002720000, 0x00000000050f0000, 0x0000000011720000]
 total_blobs=13003 nmethods=12109 adapters=805
 compilation: enabled

Compilation events (10 events):
Event: 165.873 Thread 0x00000000182d0800 nmethod 14549 0x00000000037585d0 code [0x0000000003758760, 0x00000000037591f8]
Event: 165.873 Thread 0x00000000182d0800 14555       4       org.objectweb.asm.ClassReader::readCode (5089 bytes)
Event: 165.877 Thread 0x00000000182cc800 nmethod 14542 0x0000000002b59710 code [0x0000000002b59880, 0x0000000002b59db8]
Event: 165.877 Thread 0x00000000182cc800 14536       4       org.objectweb.asm.tree.MethodNode::visitLabel (13 bytes)
Event: 165.879 Thread 0x00000000182cc800 nmethod 14536 0x00000000035492d0 code [0x0000000003549420, 0x00000000035495f8]
Event: 165.879 Thread 0x00000000182cc800 14539       4       org.objectweb.asm.tree.MethodNode::accept (56 bytes)
Event: 165.883 Thread 0x00000000182cc800 nmethod 14539 0x0000000004c054d0 code [0x0000000004c05640, 0x0000000004c059b8]
Event: 165.883 Thread 0x00000000182cc800 14451       4       java.util.Date::normalize (110 bytes)
Event: 165.902 Thread 0x00000000182cc800 nmethod 14451 0x0000000003c00910 code [0x0000000003c00ae0, 0x0000000003c01980]
Event: 165.902 Thread 0x00000000182cc800 14557       4       org.objectweb.asm.tree.ClassNode::accept (625 bytes)

GC Heap History (10 events):
Event: 151.741 GC heap before
{Heap before GC invocations=17 (full 3):
 PSYoungGen      total 319488K, used 319471K [0x00000000e0000000, 0x00000000f5700000, 0x0000000100000000)
  eden space 301056K, 100% used [0x00000000e0000000,0x00000000f2600000,0x00000000f2600000)
  from space 18432K, 99% used [0x00000000f3400000,0x00000000f45fbfc8,0x00000000f4600000)
  to   space 17408K, 0% used [0x00000000f4600000,0x00000000f4600000,0x00000000f5700000)
 ParOldGen       total 178688K, used 48695K [0x00000000a0000000, 0x00000000aae80000, 0x00000000e0000000)
  object space 178688K, 27% used [0x00000000a0000000,0x00000000a2f8deb8,0x00000000aae80000)
 Metaspace       used 77101K, capacity 80666K, committed 80768K, reserved 1118208K
  class space    used 10352K, capacity 11100K, committed 11136K, reserved 1048576K
Event: 151.757 GC heap after
Heap after GC invocations=17 (full 3):
 PSYoungGen      total 308224K, used 17405K [0x00000000e0000000, 0x00000000f5700000, 0x0000000100000000)
  eden space 290816K, 0% used [0x00000000e0000000,0x00000000e0000000,0x00000000f1c00000)
  from space 17408K, 99% used [0x00000000f4600000,0x00000000f56ff5c0,0x00000000f5700000)
  to   space 29696K, 0% used [0x00000000f1d00000,0x00000000f1d00000,0x00000000f3a00000)
 ParOldGen       total 178688K, used 58551K [0x00000000a0000000, 0x00000000aae80000, 0x00000000e0000000)
  object space 178688K, 32% used [0x00000000a0000000,0x00000000a392de28,0x00000000aae80000)
 Metaspace       used 77101K, capacity 80666K, committed 80768K, reserved 1118208K
  class space    used 10352K, capacity 11100K, committed 11136K, reserved 1048576K
}
Event: 155.278 GC heap before
{Heap before GC invocations=18 (full 3):
 PSYoungGen      total 308224K, used 308221K [0x00000000e0000000, 0x00000000f5700000, 0x0000000100000000)
  eden space 290816K, 100% used [0x00000000e0000000,0x00000000f1c00000,0x00000000f1c00000)
  from space 17408K, 99% used [0x00000000f4600000,0x00000000f56ff5c0,0x00000000f5700000)
  to   space 29696K, 0% used [0x00000000f1d00000,0x00000000f1d00000,0x00000000f3a00000)
 ParOldGen       total 178688K, used 58551K [0x00000000a0000000, 0x00000000aae80000, 0x00000000e0000000)
  object space 178688K, 32% used [0x00000000a0000000,0x00000000a392de28,0x00000000aae80000)
 Metaspace       used 77207K, capacity 80760K, committed 81024K, reserved 1120256K
  class space    used 10353K, capacity 11103K, committed 11136K, reserved 1048576K
Event: 155.296 GC heap after
Heap after GC invocations=18 (full 3):
 PSYoungGen      total 287744K, used 6310K [0x00000000e0000000, 0x00000000f4b80000, 0x0000000100000000)
  eden space 281088K, 0% used [0x00000000e0000000,0x00000000e0000000,0x00000000f1280000)
  from space 6656K, 94% used [0x00000000f1d00000,0x00000000f2329a40,0x00000000f2380000)
  to   space 29184K, 0% used [0x00000000f2f00000,0x00000000f2f00000,0x00000000f4b80000)
 ParOldGen       total 178688K, used 75714K [0x00000000a0000000, 0x00000000aae80000, 0x00000000e0000000)
  object space 178688K, 42% used [0x00000000a0000000,0x00000000a49f0a38,0x00000000aae80000)
 Metaspace       used 77207K, capacity 80760K, committed 81024K, reserved 1120256K
  class space    used 10353K, capacity 11103K, committed 11136K, reserved 1048576K
}
Event: 156.770 GC heap before
{Heap before GC invocations=19 (full 3):
 PSYoungGen      total 287744K, used 287398K [0x00000000e0000000, 0x00000000f4b80000, 0x0000000100000000)
  eden space 281088K, 100% used [0x00000000e0000000,0x00000000f1280000,0x00000000f1280000)
  from space 6656K, 94% used [0x00000000f1d00000,0x00000000f2329a40,0x00000000f2380000)
  to   space 29184K, 0% used [0x00000000f2f00000,0x00000000f2f00000,0x00000000f4b80000)
 ParOldGen       total 178688K, used 75714K [0x00000000a0000000, 0x00000000aae80000, 0x00000000e0000000)
  object space 178688K, 42% used [0x00000000a0000000,0x00000000a49f0a38,0x00000000aae80000)
 Metaspace       used 77220K, capacity 80760K, committed 81024K, reserved 1120256K
  class space    used 10353K, capacity 11103K, committed 11136K, reserved 1048576K
Event: 156.774 GC heap after
Heap after GC invocations=19 (full 3):
 PSYoungGen      total 290816K, used 4626K [0x00000000e0000000, 0x00000000f4180000, 0x0000000100000000)
  eden space 271872K, 0% used [0x00000000e0000000,0x00000000e0000000,0x00000000f0980000)
  from space 18944K, 24% used [0x00000000f2f00000,0x00000000f3384b88,0x00000000f4180000)
  to   space 28672K, 0% used [0x00000000f0980000,0x00000000f0980000,0x00000000f2580000)
 ParOldGen       total 178688K, used 75722K [0x00000000a0000000, 0x00000000aae80000, 0x00000000e0000000)
  object space 178688K, 42% used [0x00000000a0000000,0x00000000a49f2a38,0x00000000aae80000)
 Metaspace       used 77220K, capacity 80760K, committed 81024K, reserved 1120256K
  class space    used 10353K, capacity 11103K, committed 11136K, reserved 1048576K
}
Event: 159.369 GC heap before
{Heap before GC invocations=20 (full 3):
 PSYoungGen      total 290816K, used 276498K [0x00000000e0000000, 0x00000000f4180000, 0x0000000100000000)
  eden space 271872K, 100% used [0x00000000e0000000,0x00000000f0980000,0x00000000f0980000)
  from space 18944K, 24% used [0x00000000f2f00000,0x00000000f3384b88,0x00000000f4180000)
  to   space 28672K, 0% used [0x00000000f0980000,0x00000000f0980000,0x00000000f2580000)
 ParOldGen       total 178688K, used 75722K [0x00000000a0000000, 0x00000000aae80000, 0x00000000e0000000)
  object space 178688K, 42% used [0x00000000a0000000,0x00000000a49f2a38,0x00000000aae80000)
 Metaspace       used 80207K, capacity 83792K, committed 84096K, reserved 1122304K
  class space    used 10815K, capacity 11539K, committed 11648K, reserved 1048576K
Event: 159.375 GC heap after
Heap after GC invocations=20 (full 3):
 PSYoungGen      total 267776K, used 4476K [0x00000000e0000000, 0x00000000f3700000, 0x0000000100000000)
  eden space 263168K, 0% used [0x00000000e0000000,0x00000000e0000000,0x00000000f0100000)
  from space 4608K, 97% used [0x00000000f0980000,0x00000000f0ddf340,0x00000000f0e00000)
  to   space 27648K, 0% used [0x00000000f1c00000,0x00000000f1c00000,0x00000000f3700000)
 ParOldGen       total 178688K, used 75730K [0x00000000a0000000, 0x00000000aae80000, 0x00000000e0000000)
  object space 178688K, 42% used [0x00000000a0000000,0x00000000a49f4a38,0x00000000aae80000)
 Metaspace       used 80207K, capacity 83792K, committed 84096K, reserved 1122304K
  class space    used 10815K, capacity 11539K, committed 11648K, reserved 1048576K
}
Event: 165.213 GC heap before
{Heap before GC invocations=21 (full 3):
 PSYoungGen      total 267776K, used 267644K [0x00000000e0000000, 0x00000000f3700000, 0x0000000100000000)
  eden space 263168K, 100% used [0x00000000e0000000,0x00000000f0100000,0x00000000f0100000)
  from space 4608K, 97% used [0x00000000f0980000,0x00000000f0ddf340,0x00000000f0e00000)
  to   space 27648K, 0% used [0x00000000f1c00000,0x00000000f1c00000,0x00000000f3700000)
 ParOldGen       total 178688K, used 75730K [0x00000000a0000000, 0x00000000aae80000, 0x00000000e0000000)
  object space 178688K, 42% used [0x00000000a0000000,0x00000000a49f4a38,0x00000000aae80000)
 Metaspace       used 87664K, capacity 91676K, committed 91904K, reserved 1128448K
  class space    used 11726K, capacity 12481K, committed 12544K, reserved 1048576K
Event: 165.233 GC heap after
Heap after GC invocations=21 (full 3):
 PSYoungGen      total 280576K, used 24120K [0x00000000e0000000, 0x00000000f3580000, 0x0000000100000000)
  eden space 254464K, 0% used [0x00000000e0000000,0x00000000e0000000,0x00000000ef880000)
  from space 26112K, 92% used [0x00000000f1c00000,0x00000000f338e2f0,0x00000000f3580000)
  to   space 31232K, 0% used [0x00000000ef880000,0x00000000ef880000,0x00000000f1700000)
 ParOldGen       total 178688K, used 75738K [0x00000000a0000000, 0x00000000aae80000, 0x00000000e0000000)
  object space 178688K, 42% used [0x00000000a0000000,0x00000000a49f6a38,0x00000000aae80000)
 Metaspace       used 87664K, capacity 91676K, committed 91904K, reserved 1128448K
  class space    used 11726K, capacity 12481K, committed 12544K, reserved 1048576K
}

Deoptimization events (10 events):
Event: 165.066 Thread 0x0000000019bfa800 Uncommon trap: reason=unstable_if action=reinterpret pc=0x00000000047186dc method=org.objectweb.asm.MethodWriter.visitIntInsn(II)V @ 52
Event: 165.076 Thread 0x0000000019bfa800 Uncommon trap: reason=class_check action=maybe_recompile pc=0x0000000004a8f1c8 method=org.objectweb.asm.ClassReader.readCode(Lorg/objectweb/asm/MethodVisitor;Lorg/objectweb/asm/Context;I)V @ 3275
Event: 165.077 Thread 0x0000000019bfa800 Uncommon trap: reason=class_check action=maybe_recompile pc=0x0000000004a8f1c8 method=org.objectweb.asm.ClassReader.readCode(Lorg/objectweb/asm/MethodVisitor;Lorg/objectweb/asm/Context;I)V @ 3275
Event: 165.112 Thread 0x0000000019bfa800 Uncommon trap: reason=predicate action=maybe_recompile pc=0x0000000002daf070 method=org.objectweb.asm.ClassReader.readField(Lorg/objectweb/asm/ClassVisitor;Lorg/objectweb/asm/Context;I)I @ 434
Event: 165.339 Thread 0x0000000019bfa800 Uncommon trap: reason=class_check action=maybe_recompile pc=0x0000000004b1bca4 method=org.objectweb.asm.ClassReader.readElementValue(Lorg/objectweb/asm/AnnotationVisitor;ILjava/lang/String;[C)I @ 514
Event: 165.339 Thread 0x0000000019bfa800 Uncommon trap: reason=class_check action=maybe_recompile pc=0x0000000004b1bd5c method=org.objectweb.asm.ClassReader.readElementValue(Lorg/objectweb/asm/AnnotationVisitor;ILjava/lang/String;[C)I @ 1208
Event: 165.339 Thread 0x0000000019bfa800 Uncommon trap: reason=class_check action=maybe_recompile pc=0x0000000004b1bca4 method=org.objectweb.asm.ClassReader.readElementValue(Lorg/objectweb/asm/AnnotationVisitor;ILjava/lang/String;[C)I @ 514
Event: 165.349 Thread 0x0000000019bfa800 Uncommon trap: reason=class_check action=maybe_recompile pc=0x0000000004b1bc64 method=org.objectweb.asm.ClassReader.readElementValue(Lorg/objectweb/asm/AnnotationVisitor;ILjava/lang/String;[C)I @ 485
Event: 165.349 Thread 0x0000000019bfa800 Uncommon trap: reason=class_check action=maybe_recompile pc=0x0000000004b1bc64 method=org.objectweb.asm.ClassReader.readElementValue(Lorg/objectweb/asm/AnnotationVisitor;ILjava/lang/String;[C)I @ 485
Event: 165.922 Thread 0x0000000019bfa800 Uncommon trap: reason=class_check action=maybe_recompile pc=0x0000000003419d50 method=org.objectweb.asm.ClassReader.readMethod(Lorg/objectweb/asm/ClassVisitor;Lorg/objectweb/asm/Context;I)I @ 649

Classes redefined (0 events):
No events

Internal exceptions (10 events):
Event: 161.355 Thread 0x0000000019bfa800 Exception <a 'java/lang/ClassNotFoundException': org/gradle/api/tasks/SourceSetCustomizer> (0x00000000e72a89f8) thrown at [C:\re\workspace\8-2-build-windows-amd64-cygwin\jdk8u231\13620\hotspot\src\share\vm\classfile\systemDictionary.cpp, line 210]
Event: 161.358 Thread 0x0000000019bfa800 Exception <a 'java/lang/ClassNotFoundException': java/util/LinkedHashMapBeanInfo> (0x00000000e73303d8) thrown at [C:\re\workspace\8-2-build-windows-amd64-cygwin\jdk8u231\13620\hotspot\src\share\vm\classfile\systemDictionary.cpp, line 210]
Event: 161.358 Thread 0x0000000019bfa800 Exception <a 'java/lang/ClassNotFoundException': java/util/HashMapBeanInfo> (0x00000000e7338da0) thrown at [C:\re\workspace\8-2-build-windows-amd64-cygwin\jdk8u231\13620\hotspot\src\share\vm\classfile\systemDictionary.cpp, line 210]
Event: 161.358 Thread 0x0000000019bfa800 Exception <a 'java/lang/ClassNotFoundException': java/util/AbstractMapBeanInfo> (0x00000000e7342958) thrown at [C:\re\workspace\8-2-build-windows-amd64-cygwin\jdk8u231\13620\hotspot\src\share\vm\classfile\systemDictionary.cpp, line 210]
Event: 161.358 Thread 0x0000000019bfa800 Exception <a 'java/lang/ClassNotFoundException': java/util/AbstractMapCustomizer> (0x00000000e734c610) thrown at [C:\re\workspace\8-2-build-windows-amd64-cygwin\jdk8u231\13620\hotspot\src\share\vm\classfile\systemDictionary.cpp, line 210]
Event: 161.359 Thread 0x0000000019bfa800 Exception <a 'java/lang/ClassNotFoundException': java/util/HashMapCustomizer> (0x00000000e7362010) thrown at [C:\re\workspace\8-2-build-windows-amd64-cygwin\jdk8u231\13620\hotspot\src\share\vm\classfile\systemDictionary.cpp, line 210]
Event: 161.359 Thread 0x0000000019bfa800 Exception <a 'java/lang/ClassNotFoundException': java/util/LinkedHashMapCustomizer> (0x00000000e7387b00) thrown at [C:\re\workspace\8-2-build-windows-amd64-cygwin\jdk8u231\13620\hotspot\src\share\vm\classfile\systemDictionary.cpp, line 210]
Event: 162.565 Thread 0x000000001b8f4800 Implicit null exception at 0x00000000046363cb to 0x0000000004636d89
Event: 162.566 Thread 0x000000001b8fc000 Implicit null exception at 0x00000000035d0b63 to 0x00000000035d0fbd
Event: 163.410 Thread 0x0000000019bfa800 Exception <a 'java/lang/NoSuchMethodError': java.lang.Object.lambda$negate$1(Ljava/lang/Object;)Z> (0x00000000ee0b44e8) thrown at [C:\re\workspace\8-2-build-windows-amd64-cygwin\jdk8u231\13620\hotspot\src\share\vm\interpreter\linkResolver.cpp, line 620]

Events (10 events):
Event: 165.349 Thread 0x0000000019bfa800 DEOPT UNPACKING pc=0x000000000276583b sp=0x000000001c897618 mode 2
Event: 165.349 Thread 0x0000000019bfa800 Uncommon trap: trap_request=0xffffffde fr.pc=0x0000000004b1bc64
Event: 165.349 Thread 0x0000000019bfa800 DEOPT PACKING pc=0x0000000004b1bc64 sp=0x000000001c897660
Event: 165.349 Thread 0x0000000019bfa800 DEOPT UNPACKING pc=0x000000000276583b sp=0x000000001c897618 mode 2
Event: 165.922 Thread 0x0000000019bfa800 Uncommon trap: trap_request=0xffffffde fr.pc=0x0000000003419d50
Event: 165.922 Thread 0x0000000019bfa800 DEOPT PACKING pc=0x0000000003419d50 sp=0x000000001c897730
Event: 165.922 Thread 0x0000000019bfa800 DEOPT UNPACKING pc=0x000000000276583b sp=0x000000001c8976b0 mode 2
Event: 165.922 loading class org/objectweb/asm/tree/MethodNode$1
Event: 165.922 loading class org/objectweb/asm/tree/MethodNode$1 done
Event: 165.923 Executing VM operation: Deoptimize


Dynamic libraries:
0x00007ff7fd0f0000 - 0x00007ff7fd127000 	C:\Program Files\Java\jdk1.8.0_231\bin\java.exe
0x00007ffd826e0000 - 0x00007ffd828b1000 	C:\Windows\SYSTEM32\ntdll.dll
0x00007ffd7fd70000 - 0x00007ffd7fe1b000 	C:\Windows\System32\KERNEL32.DLL
0x00007ffd7efb0000 - 0x00007ffd7f1cd000 	C:\Windows\System32\KERNELBASE.dll
0x00007ffd7ff00000 - 0x00007ffd7ffa2000 	C:\Windows\System32\ADVAPI32.dll
0x00007ffd7fc70000 - 0x00007ffd7fd0e000 	C:\Windows\System32\msvcrt.dll
0x00007ffd82610000 - 0x00007ffd82669000 	C:\Windows\System32\sechost.dll
0x00007ffd80280000 - 0x00007ffd803a1000 	C:\Windows\System32\RPCRT4.dll
0x00007ffd81e30000 - 0x00007ffd81f95000 	C:\Windows\System32\USER32.dll
0x00007ffd7f920000 - 0x00007ffd7f93e000 	C:\Windows\System32\win32u.dll
0x00007ffd803b0000 - 0x00007ffd803e4000 	C:\Windows\System32\GDI32.dll
0x00007ffd7ed20000 - 0x00007ffd7eea2000 	C:\Windows\System32\gdi32full.dll
0x00007ffd72040000 - 0x00007ffd722b9000 	C:\Windows\WinSxS\amd64_microsoft.windows.common-controls_6595b64144ccf1df_6.0.14393.0_none_2d0f50fcbdb171b8\COMCTL32.dll
0x00007ffd7ffb0000 - 0x00007ffd80277000 	C:\Windows\System32\combase.dll
0x00007ffd7eeb0000 - 0x00007ffd7efa5000 	C:\Windows\System32\ucrtbase.dll
0x00007ffd7f8b0000 - 0x00007ffd7f91a000 	C:\Windows\System32\bcryptPrimitives.dll
0x00007ffd803f0000 - 0x00007ffd8041e000 	C:\Windows\System32\IMM32.DLL
0x00000000551b0000 - 0x0000000055282000 	C:\Program Files\Java\jdk1.8.0_231\jre\bin\msvcr100.dll
0x0000000054900000 - 0x00000000551a6000 	C:\Program Files\Java\jdk1.8.0_231\jre\bin\server\jvm.dll
0x00007ffd807c0000 - 0x00007ffd807c8000 	C:\Windows\System32\PSAPI.DLL
0x00007ffd7d160000 - 0x00007ffd7d169000 	C:\Windows\SYSTEM32\WSOCK32.dll
0x00007ffd7c8a0000 - 0x00007ffd7c8c3000 	C:\Windows\SYSTEM32\WINMM.dll
0x00007ffd7b180000 - 0x00007ffd7b18a000 	C:\Windows\SYSTEM32\VERSION.dll
0x00007ffd82670000 - 0x00007ffd826da000 	C:\Windows\System32\WS2_32.dll
0x00007ffd7c840000 - 0x00007ffd7c86b000 	C:\Windows\SYSTEM32\WINMMBASE.dll
0x00007ffd7fc20000 - 0x00007ffd7fc62000 	C:\Windows\System32\cfgmgr32.dll
0x00007ffd78da0000 - 0x00007ffd78daf000 	C:\Program Files\Java\jdk1.8.0_231\jre\bin\verify.dll
0x00007ffd73e70000 - 0x00007ffd73e99000 	C:\Program Files\Java\jdk1.8.0_231\jre\bin\java.dll
0x00007ffd74740000 - 0x00007ffd74756000 	C:\Program Files\Java\jdk1.8.0_231\jre\bin\zip.dll
0x00007ffd80920000 - 0x00007ffd81e28000 	C:\Windows\System32\SHELL32.dll
0x00007ffd7f1d0000 - 0x00007ffd7f8aa000 	C:\Windows\System32\windows.storage.dll
0x00007ffd7eb80000 - 0x00007ffd7ebcc000 	C:\Windows\System32\powrprof.dll
0x00007ffd80420000 - 0x00007ffd80472000 	C:\Windows\System32\shlwapi.dll
0x00007ffd7eb40000 - 0x00007ffd7eb4f000 	C:\Windows\System32\kernel.appcore.dll
0x00007ffd7f9a0000 - 0x00007ffd7fa49000 	C:\Windows\System32\shcore.dll
0x00007ffd7eb60000 - 0x00007ffd7eb74000 	C:\Windows\System32\profapi.dll
0x00007ffd74700000 - 0x00007ffd7471a000 	C:\Program Files\Java\jdk1.8.0_231\jre\bin\net.dll
0x00007ffd7e370000 - 0x00007ffd7e3cc000 	C:\Windows\system32\mswsock.dll
0x00007ffd742c0000 - 0x00007ffd742d2000 	C:\Program Files\Java\jdk1.8.0_231\jre\bin\nio.dll
0x00007ffd74760000 - 0x00007ffd74786000 	C:\Users\Admin\.gradle\native\31\windows-amd64\native-platform.dll
0x00007ffd78d20000 - 0x00007ffd78d2d000 	C:\Program Files\Java\jdk1.8.0_231\jre\bin\management.dll
0x00007ffd7e610000 - 0x00007ffd7e627000 	C:\Windows\SYSTEM32\CRYPTSP.dll
0x00007ffd7e4f0000 - 0x00007ffd7e523000 	C:\Windows\system32\rsaenh.dll
0x00007ffd7e720000 - 0x00007ffd7e74b000 	C:\Windows\SYSTEM32\bcrypt.dll
0x00007ffd7e1f0000 - 0x00007ffd7e20f000 	C:\Windows\SYSTEM32\USERENV.dll
0x00007ffd7e630000 - 0x00007ffd7e63b000 	C:\Windows\SYSTEM32\CRYPTBASE.dll
0x00007ffd7e100000 - 0x00007ffd7e138000 	C:\Windows\SYSTEM32\IPHLPAPI.DLL
0x00007ffd7fef0000 - 0x00007ffd7fef8000 	C:\Windows\System32\NSI.dll
0x00007ffd7ace0000 - 0x00007ffd7acf6000 	C:\Windows\SYSTEM32\dhcpcsvc6.DLL
0x00007ffd7acc0000 - 0x00007ffd7acda000 	C:\Windows\SYSTEM32\dhcpcsvc.DLL
0x00007ffd73d20000 - 0x00007ffd73d44000 	C:\Program Files\Java\jdk1.8.0_231\jre\bin\sunec.dll
0x00007ffd7e140000 - 0x00007ffd7e1e0000 	C:\Windows\SYSTEM32\DNSAPI.dll
0x00007ffd727a0000 - 0x00007ffd727aa000 	C:\Windows\System32\rasadhlp.dll
0x00007ffd78a90000 - 0x00007ffd78afa000 	C:\Windows\System32\fwpuclnt.dll
0x00007ffd77ce0000 - 0x00007ffd77ceb000 	C:\Program Files\Java\jdk1.8.0_231\jre\bin\sunmscapi.dll
0x00007ffd7fa50000 - 0x00007ffd7fc18000 	C:\Windows\System32\CRYPT32.dll
0x00007ffd7eb50000 - 0x00007ffd7eb60000 	C:\Windows\System32\MSASN1.dll
0x00007ffd7df50000 - 0x00007ffd7df82000 	C:\Windows\SYSTEM32\ntmarta.dll
0x00007ffd724e0000 - 0x00007ffd72672000 	C:\Windows\SYSTEM32\dbghelp.dll

VM Arguments:
jvm_args: -Xmx1536m -Dfile.encoding=windows-1252 -Duser.country=US -Duser.language=en -Duser.variant 
java_command: org.gradle.launcher.daemon.bootstrap.GradleDaemon 6.1.1
java_class_path (initial): C:\Users\Admin\.gradle\wrapper\dists\gradle-6.1.1-all\cfmwm155h49vnt3hynmlrsdst\gradle-6.1.1\lib\gradle-launcher-6.1.1.jar
Launcher Type: SUN_STANDARD

Environment Variables:
PATH=C:\Program Files (x86)\Common Files\Oracle\Java\javapath;C:\Windows\system32;C:\Windows;C:\Windows\System32\Wbem;C:\Windows\System32\WindowsPowerShell\v1.0\;C:\Program Files\Git\cmd;C:\Users\Admin\AppData\Local\Microsoft\WindowsApps;
USERNAME=Admin
OS=Windows_NT
PROCESSOR_IDENTIFIER=Intel64 Family 6 Model 58 Stepping 9, GenuineIntel



---------------  S Y S T E M  ---------------

OS: Windows 10.0 , 64 bit Build 14393 (10.0.14393.0)

CPU:total 8 (initial active 8) (4 cores per cpu, 2 threads per core) family 6 model 58 stepping 9, cmov, cx8, fxsr, mmx, sse, sse2, sse3, ssse3, sse4.1, sse4.2, popcnt, avx, aes, clmul, erms, ht, tsc, tscinvbit, tscinv

Memory: 4k page, physical 16746580k(11731980k free), swap 19236948k(13978784k free)

vm_info: Java HotSpot(TM) 64-Bit Server VM (25.231-b11) for windows-amd64 JRE (1.8.0_231-b11), built on Oct  5 2019 03:11:30 by "java_re" with MS VC++ 10.0 (VS2010)

time: Sun Oct 18 13:11:51 2020
timezone: India Standard Time
elapsed time: 167 seconds (0d 0h 2m 47s)

